mode: set
github.com/vriesdemichael/bitbucket-server-cli/internal/cli/cmd/bulk/bulk.go:28.44,29.28 1 1
github.com/vriesdemichael/bitbucket-server-cli/internal/cli/cmd/bulk/bulk.go:29.28,31.3 1 1
github.com/vriesdemichael/bitbucket-server-cli/internal/cli/cmd/bulk/bulk.go:32.2,32.27 1 1
github.com/vriesdemichael/bitbucket-server-cli/internal/cli/cmd/bulk/bulk.go:32.27,33.62 1 1
github.com/vriesdemichael/bitbucket-server-cli/internal/cli/cmd/bulk/bulk.go:33.62,35.18 2 1
github.com/vriesdemichael/bitbucket-server-cli/internal/cli/cmd/bulk/bulk.go:35.18,37.5 1 0
github.com/vriesdemichael/bitbucket-server-cli/internal/cli/cmd/bulk/bulk.go:38.4,39.14 2 1
github.com/vriesdemichael/bitbucket-server-cli/internal/cli/cmd/bulk/bulk.go:43.2,43.24 1 1
github.com/vriesdemichael/bitbucket-server-cli/internal/cli/cmd/bulk/bulk.go:43.24,44.30 1 1
github.com/vriesdemichael/bitbucket-server-cli/internal/cli/cmd/bulk/bulk.go:44.30,46.4 1 0
github.com/vriesdemichael/bitbucket-server-cli/internal/cli/cmd/bulk/bulk.go:47.3,47.28 1 1
github.com/vriesdemichael/bitbucket-server-cli/internal/cli/cmd/bulk/bulk.go:50.2,62.55 4 1
github.com/vriesdemichael/bitbucket-server-cli/internal/cli/cmd/bulk/bulk.go:62.55,64.18 2 1
github.com/vriesdemichael/bitbucket-server-cli/internal/cli/cmd/bulk/bulk.go:64.18,66.5 1 1
github.com/vriesdemichael/bitbucket-server-cli/internal/cli/cmd/bulk/bulk.go:68.4,69.18 2 1
github.com/vriesdemichael/bitbucket-server-cli/internal/cli/cmd/bulk/bulk.go:69.18,71.5 1 0
github.com/vriesdemichael/bitbucket-server-cli/internal/cli/cmd/bulk/bulk.go:73.4,74.18 2 1
github.com/vriesdemichael/bitbucket-server-cli/internal/cli/cmd/bulk/bulk.go:74.18,76.5 1 0
github.com/vriesdemichael/bitbucket-server-cli/internal/cli/cmd/bulk/bulk.go:78.4,80.18 3 1
github.com/vriesdemichael/bitbucket-server-cli/internal/cli/cmd/bulk/bulk.go:80.18,82.5 1 0
github.com/vriesdemichael/bitbucket-server-cli/internal/cli/cmd/bulk/bulk.go:84.4,84.47 1 1
github.com/vriesdemichael/bitbucket-server-cli/internal/cli/cmd/bulk/bulk.go:84.47,85.63 1 1
github.com/vriesdemichael/bitbucket-server-cli/internal/cli/cmd/bulk/bulk.go:85.63,87.6 1 0
github.com/vriesdemichael/bitbucket-server-cli/internal/cli/cmd/bulk/bulk.go:90.4,90.16 1 1
github.com/vriesdemichael/bitbucket-server-cli/internal/cli/cmd/bulk/bulk.go:90.16,92.5 1 1
github.com/vriesdemichael/bitbucket-server-cli/internal/cli/cmd/bulk/bulk.go:94.4,95.14 2 1
github.com/vriesdemichael/bitbucket-server-cli/internal/cli/cmd/bulk/bulk.go:98.2,107.55 6 1
github.com/vriesdemichael/bitbucket-server-cli/internal/cli/cmd/bulk/bulk.go:107.55,109.18 2 1
github.com/vriesdemichael/bitbucket-server-cli/internal/cli/cmd/bulk/bulk.go:109.18,111.5 1 1
github.com/vriesdemichael/bitbucket-server-cli/internal/cli/cmd/bulk/bulk.go:113.4,114.18 2 1
github.com/vriesdemichael/bitbucket-server-cli/internal/cli/cmd/bulk/bulk.go:114.18,116.5 1 0
github.com/vriesdemichael/bitbucket-server-cli/internal/cli/cmd/bulk/bulk.go:118.4,119.18 2 1
github.com/vriesdemichael/bitbucket-server-cli/internal/cli/cmd/bulk/bulk.go:119.18,121.5 1 0
github.com/vriesdemichael/bitbucket-server-cli/internal/cli/cmd/bulk/bulk.go:123.4,124.18 2 1
github.com/vriesdemichael/bitbucket-server-cli/internal/cli/cmd/bulk/bulk.go:124.18,126.5 1 0
github.com/vriesdemichael/bitbucket-server-cli/internal/cli/cmd/bulk/bulk.go:128.4,129.18 2 1
github.com/vriesdemichael/bitbucket-server-cli/internal/cli/cmd/bulk/bulk.go:129.18,131.5 1 0
github.com/vriesdemichael/bitbucket-server-cli/internal/cli/cmd/bulk/bulk.go:133.4,139.18 3 1
github.com/vriesdemichael/bitbucket-server-cli/internal/cli/cmd/bulk/bulk.go:139.18,141.5 1 0
github.com/vriesdemichael/bitbucket-server-cli/internal/cli/cmd/bulk/bulk.go:143.4,143.16 1 1
github.com/vriesdemichael/bitbucket-server-cli/internal/cli/cmd/bulk/bulk.go:143.16,144.69 1 1
github.com/vriesdemichael/bitbucket-server-cli/internal/cli/cmd/bulk/bulk.go:144.69,146.6 1 0
github.com/vriesdemichael/bitbucket-server-cli/internal/cli/cmd/bulk/bulk.go:147.5,147.37 1 1
github.com/vriesdemichael/bitbucket-server-cli/internal/cli/cmd/bulk/bulk.go:150.4,151.36 2 1
github.com/vriesdemichael/bitbucket-server-cli/internal/cli/cmd/bulk/bulk.go:154.2,162.55 4 1
github.com/vriesdemichael/bitbucket-server-cli/internal/cli/cmd/bulk/bulk.go:162.55,164.18 2 1
github.com/vriesdemichael/bitbucket-server-cli/internal/cli/cmd/bulk/bulk.go:164.18,166.5 1 0
github.com/vriesdemichael/bitbucket-server-cli/internal/cli/cmd/bulk/bulk.go:168.4,169.18 2 1
github.com/vriesdemichael/bitbucket-server-cli/internal/cli/cmd/bulk/bulk.go:169.18,171.5 1 1
github.com/vriesdemichael/bitbucket-server-cli/internal/cli/cmd/bulk/bulk.go:173.4,173.16 1 1
github.com/vriesdemichael/bitbucket-server-cli/internal/cli/cmd/bulk/bulk.go:173.16,175.5 1 1
github.com/vriesdemichael/bitbucket-server-cli/internal/cli/cmd/bulk/bulk.go:177.4,178.14 2 1
github.com/vriesdemichael/bitbucket-server-cli/internal/cli/cmd/bulk/bulk.go:181.2,183.16 2 1
github.com/vriesdemichael/bitbucket-server-cli/internal/cli/cmd/bulk/bulk.go:186.62,188.23 2 1
github.com/vriesdemichael/bitbucket-server-cli/internal/cli/cmd/bulk/bulk.go:188.23,190.3 1 1
github.com/vriesdemichael/bitbucket-server-cli/internal/cli/cmd/bulk/bulk.go:192.2,193.16 2 1
github.com/vriesdemichael/bitbucket-server-cli/internal/cli/cmd/bulk/bulk.go:193.16,194.25 1 1
github.com/vriesdemichael/bitbucket-server-cli/internal/cli/cmd/bulk/bulk.go:194.25,196.4 1 1
github.com/vriesdemichael/bitbucket-server-cli/internal/cli/cmd/bulk/bulk.go:197.3,197.98 1 0
github.com/vriesdemichael/bitbucket-server-cli/internal/cli/cmd/bulk/bulk.go:200.2,200.17 1 1
github.com/vriesdemichael/bitbucket-server-cli/internal/cli/cmd/bulk/bulk.go:203.56,205.23 2 1
github.com/vriesdemichael/bitbucket-server-cli/internal/cli/cmd/bulk/bulk.go:205.23,207.3 1 0
github.com/vriesdemichael/bitbucket-server-cli/internal/cli/cmd/bulk/bulk.go:209.2,209.70 1 1
github.com/vriesdemichael/bitbucket-server-cli/internal/cli/cmd/bulk/bulk.go:209.70,211.3 1 1
github.com/vriesdemichael/bitbucket-server-cli/internal/cli/cmd/bulk/bulk.go:213.2,214.16 2 1
github.com/vriesdemichael/bitbucket-server-cli/internal/cli/cmd/bulk/bulk.go:214.16,216.3 1 0
github.com/vriesdemichael/bitbucket-server-cli/internal/cli/cmd/bulk/bulk.go:218.2,218.66 1 1
github.com/vriesdemichael/bitbucket-server-cli/internal/cli/cmd/bulk/bulk.go:218.66,220.3 1 1
github.com/vriesdemichael/bitbucket-server-cli/internal/cli/cmd/bulk/bulk.go:222.2,222.12 1 1
github.com/vriesdemichael/bitbucket-server-cli/internal/cli/cmd/bulk/bulk.go:225.39,226.82 1 1
github.com/vriesdemichael/bitbucket-server-cli/internal/cli/cmd/bulk/bulk.go:226.82,228.3 1 1
github.com/vriesdemichael/bitbucket-server-cli/internal/cli/cmd/bulk/bulk.go:230.2,231.16 2 1
github.com/vriesdemichael/bitbucket-server-cli/internal/cli/cmd/bulk/bulk.go:231.16,233.3 1 0
github.com/vriesdemichael/bitbucket-server-cli/internal/cli/cmd/bulk/bulk.go:235.2,235.68 1 1
github.com/vriesdemichael/bitbucket-server-cli/internal/cli/cmd/bulk/bulk.go:238.82,240.41 2 1
github.com/vriesdemichael/bitbucket-server-cli/internal/cli/cmd/bulk/bulk.go:240.41,242.3 1 0
github.com/vriesdemichael/bitbucket-server-cli/internal/cli/cmd/bulk/bulk.go:243.2,243.38 1 1
github.com/vriesdemichael/bitbucket-server-cli/internal/cli/cmd/bulk/bulk.go:243.38,245.47 2 1
github.com/vriesdemichael/bitbucket-server-cli/internal/cli/cmd/bulk/bulk.go:245.47,247.4 1 1
github.com/vriesdemichael/bitbucket-server-cli/internal/cli/cmd/bulk/bulk.go:251.74,269.40 5 1
github.com/vriesdemichael/bitbucket-server-cli/internal/cli/cmd/bulk/bulk.go:269.40,271.47 2 1
github.com/vriesdemichael/bitbucket-server-cli/internal/cli/cmd/bulk/bulk.go:271.47,272.48 1 1
github.com/vriesdemichael/bitbucket-server-cli/internal/cli/cmd/bulk/bulk.go:272.48,274.13 2 1
github.com/vriesdemichael/bitbucket-server-cli/internal/cli/cmd/bulk/bulk.go:276.4,276.94 1 0
github.com/vriesdemichael/bitbucket-server-cli/internal/cli/cmd/bulk/bulk.go:279.2,279.93 1 1
github.com/vriesdemichael/bitbucket-server-cli/internal/cli/cmd/bulk/bulk.go:282.63,283.27 1 1
github.com/vriesdemichael/bitbucket-server-cli/internal/cli/cmd/bulk/bulk.go:283.27,285.3 1 1
github.com/vriesdemichael/bitbucket-server-cli/internal/cli/cmd/bulk/bulk.go:287.2,288.40 2 1
github.com/vriesdemichael/bitbucket-server-cli/internal/cli/cmd/bulk/bulk.go:288.40,289.47 1 1
github.com/vriesdemichael/bitbucket-server-cli/internal/cli/cmd/bulk/bulk.go:289.47,290.36 1 1
github.com/vriesdemichael/bitbucket-server-cli/internal/cli/cmd/bulk/bulk.go:290.36,291.13 1 0
github.com/vriesdemichael/bitbucket-server-cli/internal/cli/cmd/bulk/bulk.go:293.4,294.18 2 1
github.com/vriesdemichael/bitbucket-server-cli/internal/cli/cmd/bulk/bulk.go:294.18,296.5 1 0
github.com/vriesdemichael/bitbucket-server-cli/internal/cli/cmd/bulk/bulk.go:297.4,297.109 1 1
github.com/vriesdemichael/bitbucket-server-cli/internal/cli/cmd/bulk/bulk.go:301.2,301.107 1 0
github.com/vriesdemichael/bitbucket-server-cli/internal/cli/cmd/bulk/bulk.go:304.50,305.34 1 1
github.com/vriesdemichael/bitbucket-server-cli/internal/cli/cmd/bulk/bulk.go:306.44,307.38 1 1
github.com/vriesdemichael/bitbucket-server-cli/internal/cli/cmd/bulk/bulk.go:308.43,309.37 1 1
github.com/vriesdemichael/bitbucket-server-cli/internal/cli/cmd/bulk/bulk.go:310.40,311.34 1 1
github.com/vriesdemichael/bitbucket-server-cli/internal/cli/cmd/bulk/bulk.go:312.38,313.32 1 1
github.com/vriesdemichael/bitbucket-server-cli/internal/cli/cmd/bulk/bulk.go:314.38,315.32 1 1
github.com/vriesdemichael/bitbucket-server-cli/internal/cli/cmd/bulk/bulk.go:316.39,317.33 1 1
github.com/vriesdemichael/bitbucket-server-cli/internal/cli/cmd/bulk/bulk.go:318.39,319.33 1 1
github.com/vriesdemichael/bitbucket-server-cli/internal/cli/cmd/bulk/bulk.go:320.44,321.38 1 1
github.com/vriesdemichael/bitbucket-server-cli/internal/cli/cmd/bulk/bulk.go:322.38,323.32 1 1
github.com/vriesdemichael/bitbucket-server-cli/internal/cli/cmd/bulk/bulk.go:324.10,325.12 1 1
